<?xml version="1.0" encoding="UTF-8"?>
<robot generator="Robot 4.1.3 (Python 3.10.2 on darwin)" generated="20220126 10:42:05.944" rpa="false" schemaversion="2">
<suite id="s1" name="createPublicToken" source="/Users/jaiminpatel/Documents/pythontest/PlaidApiTests/createPublicToken.robot">
<test id="s1-t1" name="Passing Wroung Keys, Should Get bad Request For CreatePublicToken">
<kw name="Create Session" library="RequestsLibrary">
<arg>JPSession</arg>
<arg>${SandBox_URl}</arg>
<arg>verify=true</arg>
<doc>Create Session: create a HTTP session to a server</doc>
<msg timestamp="20220126 10:42:06.067" level="INFO">Creating Session using : alias=JPSession, url=https://sandbox.plaid.com, headers={},                     cookies={}, auth=None, timeout=None, proxies=None, verify=True,                     debug=0 </msg>
<status status="PASS" starttime="20220126 10:42:06.066" endtime="20220126 10:42:06.067"/>
</kw>
<kw name="Create Dictionary" library="BuiltIn">
<var>${header}</var>
<arg>Content-Type=application/json</arg>
<doc>Creates and returns a dictionary based on the given ``items``.</doc>
<msg timestamp="20220126 10:42:06.067" level="INFO">${header} = {'Content-Type': 'application/json'}</msg>
<status status="PASS" starttime="20220126 10:42:06.067" endtime="20220126 10:42:06.067"/>
</kw>
<kw name="Get Binary File" library="OperatingSystem">
<var>${bodyReq}</var>
<arg>${json_path}wroungPublicCreateToken.json</arg>
<doc>Returns the contents of a specified file.</doc>
<msg timestamp="20220126 10:42:06.067" level="INFO" html="true">Getting file '&lt;a href="file:///Users/jaiminpatel/Documents/pythontest/InputData/wroungPublicCreateToken.json"&gt;/Users/jaiminpatel/Documents/pythontest/InputData/wroungPublicCreateToken.json&lt;/a&gt;'.</msg>
<msg timestamp="20220126 10:42:06.068" level="INFO">${bodyReq} = {
    "client_id": "61ede2f9071b100014d7e6fa1",
    "secret": "eef9f69f154a357fb70d0092d733c81",
    "institution_id": "ins_3",
    "initial_products": ["auth"]
}</msg>
<status status="PASS" starttime="20220126 10:42:06.067" endtime="20220126 10:42:06.068"/>
</kw>
<kw name="POST On Session" library="RequestsLibrary">
<var>${response}</var>
<arg>JPSession</arg>
<arg>/sandbox/public_token/create</arg>
<arg>data=${bodyReq}</arg>
<arg>headers=${header}</arg>
<arg>expected_status=anything</arg>
<doc>Sends a POST request on a previously created HTTP Session.</doc>
<msg timestamp="20220126 10:42:06.167" level="INFO">POST Request : url=https://sandbox.plaid.com/sandbox/public_token/create 
 path_url=/sandbox/public_token/create 
 headers={'User-Agent': 'python-requests/2.27.1', 'Accept-Encoding': 'gzip, deflate', 'Accept': '*/*', 'Connection': 'keep-alive', 'Content-Type': 'application/json', 'Content-Length': '162'} 
 body=b'{\n    "client_id": "61ede2f9071b100014d7e6fa1",\n    "secret": "eef9f69f154a357fb70d0092d733c81",\n    "institution_id": "ins_3",\n    "initial_products": ["auth"]\n}' 
 </msg>
<msg timestamp="20220126 10:42:06.167" level="INFO">POST Response : url=https://sandbox.plaid.com/sandbox/public_token/create 
 status=400, reason=Bad Request 
 headers={'Server': 'nginx', 'Date': 'Wed, 26 Jan 2022 15:42:06 GMT', 'Content-Type': 'application/json; charset=utf-8', 'Content-Length': '246', 'Connection': 'keep-alive', 'content-encoding': 'gzip', 'vary': 'Accept-Encoding'} 
 body={
  "display_message": null,
  "documentation_url": "https://plaid.com/docs/?ref=error#invalid-request-errors",
  "error_code": "INVALID_FIELD",
  "error_message": "client_id must be a properly formatted, non-empty string",
  "error_type": "INVALID_REQUEST",
  "request_id": "ORE6Q0VX15pbo8k",
  "suggested_action": null
} 
 </msg>
<msg timestamp="20220126 10:42:06.167" level="INFO">${response} = &lt;Response [400]&gt;</msg>
<status status="PASS" starttime="20220126 10:42:06.068" endtime="20220126 10:42:06.167"/>
</kw>
<kw name="Convert To String" library="BuiltIn">
<var>${status}</var>
<arg>${response.status_code}</arg>
<doc>Converts the given item to a Unicode string.</doc>
<msg timestamp="20220126 10:42:06.168" level="INFO">${status} = 400</msg>
<status status="PASS" starttime="20220126 10:42:06.167" endtime="20220126 10:42:06.168"/>
</kw>
<kw name="Should Contain" library="BuiltIn">
<arg>${status}</arg>
<arg>400</arg>
<doc>Fails if ``container`` does not contain ``item`` one or more times.</doc>
<status status="PASS" starttime="20220126 10:42:06.168" endtime="20220126 10:42:06.168"/>
</kw>
<kw name="Should Be Equal As Strings" library="BuiltIn">
<arg>Bad Request</arg>
<arg>${response.reason}</arg>
<doc>Fails if objects are unequal after converting them to strings.</doc>
<status status="PASS" starttime="20220126 10:42:06.168" endtime="20220126 10:42:06.169"/>
</kw>
<status status="PASS" starttime="20220126 10:42:06.065" endtime="20220126 10:42:06.169"/>
</test>
<test id="s1-t2" name="Passing Invalid Institustion, Should Get bad Request For CreatePublicToken">
<kw name="Create Session" library="RequestsLibrary">
<arg>JPSession</arg>
<arg>${SandBox_URl}</arg>
<arg>verify=true</arg>
<doc>Create Session: create a HTTP session to a server</doc>
<msg timestamp="20220126 10:42:06.169" level="INFO">Creating Session using : alias=JPSession, url=https://sandbox.plaid.com, headers={},                     cookies={}, auth=None, timeout=None, proxies=None, verify=True,                     debug=0 </msg>
<status status="PASS" starttime="20220126 10:42:06.169" endtime="20220126 10:42:06.169"/>
</kw>
<kw name="Create Dictionary" library="BuiltIn">
<var>${header}</var>
<arg>Content-Type=application/json</arg>
<doc>Creates and returns a dictionary based on the given ``items``.</doc>
<msg timestamp="20220126 10:42:06.170" level="INFO">${header} = {'Content-Type': 'application/json'}</msg>
<status status="PASS" starttime="20220126 10:42:06.170" endtime="20220126 10:42:06.170"/>
</kw>
<kw name="Get Binary File" library="OperatingSystem">
<var>${bodyReq}</var>
<arg>${json_path}invalideInstitutionPublicCreateToken.json</arg>
<doc>Returns the contents of a specified file.</doc>
<msg timestamp="20220126 10:42:06.170" level="INFO" html="true">Getting file '&lt;a href="file:///Users/jaiminpatel/Documents/pythontest/InputData/invalideInstitutionPublicCreateToken.json"&gt;/Users/jaiminpatel/Documents/pythontest/InputData/invalideInstitutionPublicCreateToken.json&lt;/a&gt;'.</msg>
<msg timestamp="20220126 10:42:06.171" level="INFO">${bodyReq} = {
    "client_id": "61ede2f9071b100014d7e6fa",
    "secret": "eef9f69f154a357fb70d0092d733c8",
    "institution_id": "001",
    "initial_products": ["auth"]
}</msg>
<status status="PASS" starttime="20220126 10:42:06.170" endtime="20220126 10:42:06.171"/>
</kw>
<kw name="POST On Session" library="RequestsLibrary">
<var>${response}</var>
<arg>JPSession</arg>
<arg>/sandbox/public_token/create</arg>
<arg>data=${bodyReq}</arg>
<arg>headers=${header}</arg>
<arg>expected_status=anything</arg>
<doc>Sends a POST request on a previously created HTTP Session.</doc>
<msg timestamp="20220126 10:42:06.292" level="INFO">POST Request : url=https://sandbox.plaid.com/sandbox/public_token/create 
 path_url=/sandbox/public_token/create 
 headers={'User-Agent': 'python-requests/2.27.1', 'Accept-Encoding': 'gzip, deflate', 'Accept': '*/*', 'Connection': 'keep-alive', 'Content-Type': 'application/json', 'Content-Length': '158'} 
 body=b'{\n    "client_id": "61ede2f9071b100014d7e6fa",\n    "secret": "eef9f69f154a357fb70d0092d733c8",\n    "institution_id": "001",\n    "initial_products": ["auth"]\n}' 
 </msg>
<msg timestamp="20220126 10:42:06.292" level="INFO">POST Response : url=https://sandbox.plaid.com/sandbox/public_token/create 
 status=400, reason=Bad Request 
 headers={'Server': 'nginx', 'Date': 'Wed, 26 Jan 2022 15:42:06 GMT', 'Content-Type': 'application/json; charset=utf-8', 'Content-Length': '228', 'Connection': 'keep-alive', 'content-encoding': 'gzip', 'plaid-version': '2020-09-14', 'vary': 'Accept-Encoding'} 
 body={
  "display_message": null,
  "documentation_url": "https://plaid.com/docs/?ref=error#invalid-input-errors",
  "error_code": "INVALID_INSTITUTION",
  "error_message": "invalid institution_id provided",
  "error_type": "INVALID_INPUT",
  "request_id": "dKLjSExY5JqsKZS",
  "suggested_action": null
} 
 </msg>
<msg timestamp="20220126 10:42:06.292" level="INFO">${response} = &lt;Response [400]&gt;</msg>
<status status="PASS" starttime="20220126 10:42:06.171" endtime="20220126 10:42:06.292"/>
</kw>
<kw name="Convert To String" library="BuiltIn">
<var>${status}</var>
<arg>${response.status_code}</arg>
<doc>Converts the given item to a Unicode string.</doc>
<msg timestamp="20220126 10:42:06.293" level="INFO">${status} = 400</msg>
<status status="PASS" starttime="20220126 10:42:06.293" endtime="20220126 10:42:06.293"/>
</kw>
<kw name="Should Contain" library="BuiltIn">
<arg>${status}</arg>
<arg>400</arg>
<doc>Fails if ``container`` does not contain ``item`` one or more times.</doc>
<status status="PASS" starttime="20220126 10:42:06.293" endtime="20220126 10:42:06.294"/>
</kw>
<kw name="Should Be Equal As Strings" library="BuiltIn">
<arg>Bad Request</arg>
<arg>${response.reason}</arg>
<doc>Fails if objects are unequal after converting them to strings.</doc>
<status status="PASS" starttime="20220126 10:42:06.294" endtime="20220126 10:42:06.294"/>
</kw>
<status status="PASS" starttime="20220126 10:42:06.169" endtime="20220126 10:42:06.294"/>
</test>
<test id="s1-t3" name="Success Call For CreatePublicToken">
<kw name="Create Session" library="RequestsLibrary">
<arg>JPSession</arg>
<arg>${SandBox_URl}</arg>
<arg>verify=true</arg>
<doc>Create Session: create a HTTP session to a server</doc>
<msg timestamp="20220126 10:42:06.295" level="INFO">Creating Session using : alias=JPSession, url=https://sandbox.plaid.com, headers={},                     cookies={}, auth=None, timeout=None, proxies=None, verify=True,                     debug=0 </msg>
<status status="PASS" starttime="20220126 10:42:06.295" endtime="20220126 10:42:06.295"/>
</kw>
<kw name="Create Dictionary" library="BuiltIn">
<var>${header}</var>
<arg>Content-Type=application/json</arg>
<doc>Creates and returns a dictionary based on the given ``items``.</doc>
<msg timestamp="20220126 10:42:06.296" level="INFO">${header} = {'Content-Type': 'application/json'}</msg>
<status status="PASS" starttime="20220126 10:42:06.296" endtime="20220126 10:42:06.296"/>
</kw>
<kw name="Get Binary File" library="OperatingSystem">
<var>${bodyReq}</var>
<arg>${json_path}publicCreateToken.json</arg>
<doc>Returns the contents of a specified file.</doc>
<msg timestamp="20220126 10:42:06.296" level="INFO" html="true">Getting file '&lt;a href="file:///Users/jaiminpatel/Documents/pythontest/InputData/publicCreateToken.json"&gt;/Users/jaiminpatel/Documents/pythontest/InputData/publicCreateToken.json&lt;/a&gt;'.</msg>
<msg timestamp="20220126 10:42:06.296" level="INFO">${bodyReq} = {
    "client_id": "61ede2f9071b100014d7e6fa",
    "secret": "eef9f69f154a357fb70d0092d733c8",
    "institution_id": "ins_3",
    "initial_products": ["auth"]
}</msg>
<status status="PASS" starttime="20220126 10:42:06.296" endtime="20220126 10:42:06.297"/>
</kw>
<kw name="POST On Session" library="RequestsLibrary">
<var>${response}</var>
<arg>JPSession</arg>
<arg>/sandbox/public_token/create</arg>
<arg>data=${bodyReq}</arg>
<arg>headers=${header}</arg>
<doc>Sends a POST request on a previously created HTTP Session.</doc>
<msg timestamp="20220126 10:42:07.705" level="INFO">POST Request : url=https://sandbox.plaid.com/sandbox/public_token/create 
 path_url=/sandbox/public_token/create 
 headers={'User-Agent': 'python-requests/2.27.1', 'Accept-Encoding': 'gzip, deflate', 'Accept': '*/*', 'Connection': 'keep-alive', 'Content-Type': 'application/json', 'Content-Length': '160'} 
 body=b'{\n    "client_id": "61ede2f9071b100014d7e6fa",\n    "secret": "eef9f69f154a357fb70d0092d733c8",\n    "institution_id": "ins_3",\n    "initial_products": ["auth"]\n}' 
 </msg>
<msg timestamp="20220126 10:42:07.706" level="INFO">POST Response : url=https://sandbox.plaid.com/sandbox/public_token/create 
 status=200, reason=OK 
 headers={'Server': 'nginx', 'Date': 'Wed, 26 Jan 2022 15:42:07 GMT', 'Content-Type': 'application/json; charset=utf-8', 'Content-Length': '124', 'Connection': 'keep-alive', 'content-encoding': 'gzip', 'plaid-version': '2020-09-14', 'vary': 'Accept-Encoding', 'Strict-Transport-Security': 'max-age=31536000; includeSubDomains; preload', 'X-Content-Type-Options': 'nosniff', 'X-Frame-Options': 'DENY', 'X-XSS-Protection': '1; mode=block'} 
 body={
  "public_token": "public-sandbox-450597ec-cc47-4e17-8ba3-dc2af9342a48",
  "request_id": "mjIZ5ZdYl4IMsFe"
} 
 </msg>
<msg timestamp="20220126 10:42:07.706" level="INFO">${response} = &lt;Response [200]&gt;</msg>
<status status="PASS" starttime="20220126 10:42:06.297" endtime="20220126 10:42:07.706"/>
</kw>
<kw name="Convert To String" library="BuiltIn">
<var>${status}</var>
<arg>${response.status_code}</arg>
<doc>Converts the given item to a Unicode string.</doc>
<msg timestamp="20220126 10:42:07.709" level="INFO">${status} = 200</msg>
<status status="PASS" starttime="20220126 10:42:07.707" endtime="20220126 10:42:07.709"/>
</kw>
<kw name="Should Contain" library="BuiltIn">
<arg>${status}</arg>
<arg>200</arg>
<doc>Fails if ``container`` does not contain ``item`` one or more times.</doc>
<status status="PASS" starttime="20220126 10:42:07.709" endtime="20220126 10:42:07.709"/>
</kw>
<kw name="Convert To String" library="BuiltIn">
<var>${response_body}</var>
<arg>${response.content}</arg>
<doc>Converts the given item to a Unicode string.</doc>
<msg timestamp="20220126 10:42:07.711" level="INFO">${response_body} = {
  "public_token": "public-sandbox-450597ec-cc47-4e17-8ba3-dc2af9342a48",
  "request_id": "mjIZ5ZdYl4IMsFe"
}</msg>
<status status="PASS" starttime="20220126 10:42:07.710" endtime="20220126 10:42:07.711"/>
</kw>
<kw name="Should Contain" library="BuiltIn">
<arg>${response_body}</arg>
<arg>public_token</arg>
<doc>Fails if ``container`` does not contain ``item`` one or more times.</doc>
<status status="PASS" starttime="20220126 10:42:07.711" endtime="20220126 10:42:07.712"/>
</kw>
<kw name="Should Contain" library="BuiltIn">
<arg>${response_body}</arg>
<arg>request_id</arg>
<doc>Fails if ``container`` does not contain ``item`` one or more times.</doc>
<status status="PASS" starttime="20220126 10:42:07.712" endtime="20220126 10:42:07.712"/>
</kw>
<kw name="Log To Console" library="BuiltIn">
<arg>${response_body}</arg>
<doc>Logs the given message to the console.</doc>
<status status="PASS" starttime="20220126 10:42:07.713" endtime="20220126 10:42:07.713"/>
</kw>
<status status="PASS" starttime="20220126 10:42:06.295" endtime="20220126 10:42:07.713"/>
</test>
<status status="PASS" starttime="20220126 10:42:05.945" endtime="20220126 10:42:07.714"/>
</suite>
<statistics>
<total>
<stat pass="3" fail="0" skip="0">All Tests</stat>
</total>
<tag>
</tag>
<suite>
<stat pass="3" fail="0" skip="0" id="s1" name="createPublicToken">createPublicToken</stat>
</suite>
</statistics>
<errors>
</errors>
</robot>
